<?xml version="1.0" encoding="utf-8"?><testsuites><testsuite name="pytest" errors="0" failures="3" skipped="0" tests="114" time="86.638" timestamp="2026-05-15T18:14:49.552675" hostname="PCMASTERRACE"><testcase classname="tests.test_accountability_partners" name="test_user_can_add_public_accountability_partner" time="0.382" /><testcase classname="tests.test_accountability_partners" name="test_user_can_add_partner_by_email" time="0.341" /><testcase classname="tests.test_accountability_partners" name="test_user_cannot_add_private_user_as_partner" time="0.358" /><testcase classname="tests.test_accountability_partners" name="test_user_cannot_add_self_as_partner" time="0.258" /><testcase classname="tests.test_accountability_partners" name="test_duplicate_partner_is_not_added_twice" time="0.346" /><testcase classname="tests.test_accountability_partners" name="test_community_page_shows_partner_stats_and_goal" time="0.334"><failure message="assert b'study' in b'&lt;!doctype html&gt;\n&lt;html lang=&quot;en&quot;&gt;\n&lt;head&gt;\n  &lt;meta charset=&quot;utf-8&quot; /&gt;\n  &lt;meta name=&quot;viewport&quot; content=&quot;width=device...acy\n            &lt;/a&gt;\n          &lt;/article&gt;\n        &lt;/div&gt;\n      &lt;/section&gt;\n    &lt;/main&gt;\n  &lt;/div&gt;\n&lt;/body&gt;\n&lt;/html&gt;'&#10; +  where b'&lt;!doctype html&gt;\n&lt;html lang=&quot;en&quot;&gt;\n&lt;head&gt;\n  &lt;meta charset=&quot;utf-8&quot; /&gt;\n  &lt;meta name=&quot;viewport&quot; content=&quot;width=device...acy\n            &lt;/a&gt;\n          &lt;/article&gt;\n        &lt;/div&gt;\n      &lt;/section&gt;\n    &lt;/main&gt;\n  &lt;/div&gt;\n&lt;/body&gt;\n&lt;/html&gt;' = &lt;built-in method lower of bytes object at 0x0000020970B9D860&gt;()&#10; +    where &lt;built-in method lower of bytes object at 0x0000020970B9D860&gt; = b'&lt;!DOCTYPE html&gt;\n&lt;html lang=&quot;en&quot;&gt;\n&lt;head&gt;\n  &lt;meta charset=&quot;UTF-8&quot; /&gt;\n  &lt;meta name=&quot;viewport&quot; content=&quot;width=device...acy\n            &lt;/a&gt;\n          &lt;/article&gt;\n        &lt;/div&gt;\n      &lt;/section&gt;\n    &lt;/main&gt;\n  &lt;/div&gt;\n&lt;/body&gt;\n&lt;/html&gt;'.lower&#10; +      where b'&lt;!DOCTYPE html&gt;\n&lt;html lang=&quot;en&quot;&gt;\n&lt;head&gt;\n  &lt;meta charset=&quot;UTF-8&quot; /&gt;\n  &lt;meta name=&quot;viewport&quot; content=&quot;width=device...acy\n            &lt;/a&gt;\n          &lt;/article&gt;\n        &lt;/div&gt;\n      &lt;/section&gt;\n    &lt;/main&gt;\n  &lt;/div&gt;\n&lt;/body&gt;\n&lt;/html&gt;' = &lt;WrapperTestResponse 8427 bytes [200 OK]&gt;.data">client = &lt;FlaskClient &lt;Flask 'app'&gt;&gt;, app = &lt;Flask 'app'&gt;

    def test_community_page_shows_partner_stats_and_goal(client, app):
        with app.app_context():
            owner = create_user("statsowner", "statsowner@example.com", is_public=True)
            partner = create_user(
                "statspartner",
                "statspartner@example.com",
                is_public=True,
                level=7,
                xp=650,
                streak=4,
                hp=88,
            )
    
            challenge = Challenge(
                user_id=partner.id,
                challenge_type="study",
                difficulty="hard",
                mindset_type="Sage",
            )
    
            db.session.add(challenge)
            db.session.commit()
    
        login(client, "statsowner")
    
        response = client.post(
            "/community/add-partner",
            data={"partner_identifier": "statspartner"},
            follow_redirects=True,
        )
    
        assert response.status_code == 200
        assert b"statspartner" in response.data
        assert b"Circle Score" in response.data
&gt;       assert b"study" in response.data.lower()
E       assert b'study' in b'&lt;!doctype html&gt;\n&lt;html lang="en"&gt;\n&lt;head&gt;\n  &lt;meta charset="utf-8" /&gt;\n  &lt;meta name="viewport" content="width=device...acy\n            &lt;/a&gt;\n          &lt;/article&gt;\n        &lt;/div&gt;\n      &lt;/section&gt;\n    &lt;/main&gt;\n  &lt;/div&gt;\n&lt;/body&gt;\n&lt;/html&gt;'
E        +  where b'&lt;!doctype html&gt;\n&lt;html lang="en"&gt;\n&lt;head&gt;\n  &lt;meta charset="utf-8" /&gt;\n  &lt;meta name="viewport" content="width=device...acy\n            &lt;/a&gt;\n          &lt;/article&gt;\n        &lt;/div&gt;\n      &lt;/section&gt;\n    &lt;/main&gt;\n  &lt;/div&gt;\n&lt;/body&gt;\n&lt;/html&gt;' = &lt;built-in method lower of bytes object at 0x0000020970B9D860&gt;()
E        +    where &lt;built-in method lower of bytes object at 0x0000020970B9D860&gt; = b'&lt;!DOCTYPE html&gt;\n&lt;html lang="en"&gt;\n&lt;head&gt;\n  &lt;meta charset="UTF-8" /&gt;\n  &lt;meta name="viewport" content="width=device...acy\n            &lt;/a&gt;\n          &lt;/article&gt;\n        &lt;/div&gt;\n      &lt;/section&gt;\n    &lt;/main&gt;\n  &lt;/div&gt;\n&lt;/body&gt;\n&lt;/html&gt;'.lower
E        +      where b'&lt;!DOCTYPE html&gt;\n&lt;html lang="en"&gt;\n&lt;head&gt;\n  &lt;meta charset="UTF-8" /&gt;\n  &lt;meta name="viewport" content="width=device...acy\n            &lt;/a&gt;\n          &lt;/article&gt;\n        &lt;/div&gt;\n      &lt;/section&gt;\n    &lt;/main&gt;\n  &lt;/div&gt;\n&lt;/body&gt;\n&lt;/html&gt;' = &lt;WrapperTestResponse 8427 bytes [200 OK]&gt;.data

tests\test_accountability_partners.py:183: AssertionError</failure></testcase><testcase classname="tests.test_accountability_partners" name="test_user_can_remove_accountability_partner" time="0.342" /><testcase classname="tests.test_accountability_partners" name="test_add_partner_route_accepts_frontend_flexible_field_names" time="0.337" /><testcase classname="tests.test_accountability_partners" name="test_remove_partner_route_accepts_frontend_flexible_url" time="0.372" /><testcase classname="tests.test_app_startup" name="test_app_factory_creates_app" time="0.008" /><testcase classname="tests.test_app_startup" name="test_database_initialises_in_testing_mode" time="0.009" /><testcase classname="tests.test_app_startup" name="test_home_route_runs_without_database_error" time="0.018" /><testcase classname="tests.test_authentication_flow" name="test_signup_creates_user_and_progress" time="0.129" /><testcase classname="tests.test_authentication_flow" name="test_login_with_correct_password_allows_dashboard_access" time="0.214" /><testcase classname="tests.test_authentication_flow" name="test_login_with_wrong_password_is_rejected" time="0.199" /><testcase classname="tests.test_authentication_flow" name="test_logout_ends_authenticated_session" time="0.231" /><testcase classname="tests.test_authentication_flow" name="test_dashboard_is_protected_for_logged_out_user" time="0.022" /><testcase classname="tests.test_authentication_flow" name="test_duplicate_email_signup_is_blocked" time="0.133" /><testcase classname="tests.test_backend_mechanisms_industry" name="test_user_cascade_deletes_related_records" time="0.121" /><testcase classname="tests.test_backend_mechanisms_industry" name="test_progress_is_one_to_one_with_user" time="0.107" /><testcase classname="tests.test_backend_mechanisms_industry" name="test_invalid_task_category_fails_database_constraint" time="0.102" /><testcase classname="tests.test_backend_mechanisms_industry" name="test_invalid_challenge_type_fails_database_constraint" time="0.104" /><testcase classname="tests.test_backend_mechanisms_industry" name="test_latest_challenge_returns_newest_challenge" time="0.110" /><testcase classname="tests.test_backend_mechanisms_industry" name="test_calculate_level_from_xp" time="0.000" /><testcase classname="tests.test_backend_mechanisms_industry" name="test_completing_task_does_not_award_xp_twice" time="0.107" /><testcase classname="tests.test_backend_mechanisms_industry" name="test_task_completion_can_level_user_up" time="0.113" /><testcase classname="tests.test_backend_mechanisms_industry" name="test_each_stat_category_receives_correct_xp[STR-strength_xp]" time="0.111" /><testcase classname="tests.test_backend_mechanisms_industry" name="test_each_stat_category_receives_correct_xp[INT-intelligence_xp]" time="0.124" /><testcase classname="tests.test_backend_mechanisms_industry" name="test_each_stat_category_receives_correct_xp[SPI-spirituality_xp]" time="0.108" /><testcase classname="tests.test_backend_mechanisms_industry" name="test_each_stat_category_receives_correct_xp[VIT-vitality_xp]" time="0.111" /><testcase classname="tests.test_backend_mechanisms_industry" name="test_each_stat_category_receives_correct_xp[CHA-charisma_xp]" time="0.108" /><testcase classname="tests.test_backend_mechanisms_industry" name="test_dashboard_challenge_save_flow" time="0.237" /><testcase classname="tests.test_backend_mechanisms_industry" name="test_invalid_challenge_submission_is_rejected" time="0.233" /><testcase classname="tests.test_community_privacy" name="test_public_user_appears_in_community" time="0.245" /><testcase classname="tests.test_community_privacy" name="test_private_user_does_not_appear_in_community" time="0.332" /><testcase classname="tests.test_community_privacy" name="test_current_user_hidden_when_profile_is_private" time="0.240" /><testcase classname="tests.test_community_privacy" name="test_community_requires_login" time="0.019" /><testcase classname="tests.test_csrf_protection" name="test_csrf_extension_is_registered_in_development_app" time="0.006" /><testcase classname="tests.test_csrf_protection" name="test_testing_config_disables_csrf_for_pytest_client_posts" time="0.007" /><testcase classname="tests.test_csrf_protection" name="test_plain_post_forms_include_csrf_token_or_flask_wtf_hidden_tag" time="0.001"><failure message="UnicodeDecodeError: 'charmap' codec can't decode byte 0x8f in position 1211: character maps to &lt;undefined&gt;">def test_plain_post_forms_include_csrf_token_or_flask_wtf_hidden_tag():
        template_dir = Path("app/templates")
        checked_forms = 0
    
        for template_path in template_dir.glob("*.html"):
&gt;           text = template_path.read_text()

tests\test_csrf_protection.py:46: 
_ _ _ _ _ _ _ _ _ _ _ _ _ _ _ _ _ _ _ _ _ _ _ _ _ _ _ _ _ _ _ _ _ _ _ _ _ _ _ _
C:\Program Files\WindowsApps\PythonSoftwareFoundation.Python.3.11_3.11.2544.0_x64__qbz5n2kfra8p0\Lib\pathlib.py:1059: in read_text
    return f.read()
_ _ _ _ _ _ _ _ _ _ _ _ _ _ _ _ _ _ _ _ _ _ _ _ _ _ _ _ _ _ _ _ _ _ _ _ _ _ _ _

self = &lt;encodings.cp1252.IncrementalDecoder object at 0x0000020973C4D8D0&gt;
input = b'&lt;!DOCTYPE html&gt;\r\n&lt;html lang="en"&gt;\r\n&lt;head&gt;\r\n  &lt;meta charset="UTF-8" /&gt;\r\n  &lt;meta name="viewport" content="widt..."&gt;\r\n          Back to Dashboard\r\n        &lt;/a&gt;\r\n      &lt;/div&gt;\r\n    &lt;/section&gt;\r\n  &lt;/main&gt;\r\n&lt;/body&gt;\r\n&lt;/html&gt;'
final = True

    def decode(self, input, final=False):
&gt;       return codecs.charmap_decode(input,self.errors,decoding_table)[0]
E       UnicodeDecodeError: 'charmap' codec can't decode byte 0x8f in position 1211: character maps to &lt;undefined&gt;

C:\Program Files\WindowsApps\PythonSoftwareFoundation.Python.3.11_3.11.2544.0_x64__qbz5n2kfra8p0\Lib\encodings\cp1252.py:23: UnicodeDecodeError</failure></testcase><testcase classname="tests.test_csrf_protection" name="test_csrf_javascript_helper_exists_for_frontend_ajax" time="0.001" /><testcase classname="tests.test_csrf_protection" name="test_dashboard_plain_post_forms_render_csrf_token" time="0.135" /><testcase classname="tests.test_error_handling" name="test_invalid_task_id_does_not_crash" time="0.219" /><testcase classname="tests.test_error_handling" name="test_missing_progress_is_recreated_on_dashboard" time="0.227" /><testcase classname="tests.test_error_handling" name="test_missing_progress_does_not_break_task_completion" time="0.224" /><testcase classname="tests.test_error_handling" name="test_user_cannot_complete_another_users_task_error_handled" time="0.314" /><testcase classname="tests.test_error_handling" name="test_add_task_rejects_empty_title" time="0.220" /><testcase classname="tests.test_evaluate_day" name="test_evaluate_day_reduces_hp_when_target_is_missed" time="0.135" /><testcase classname="tests.test_evaluate_day" name="test_evaluate_day_only_applies_once_per_day" time="0.137" /><testcase classname="tests.test_evaluate_day" name="test_evaluate_day_increases_streak_when_target_is_met" time="0.132" /><testcase classname="tests.test_hp_progression" name="test_easy_difficulty_target_is_50" time="0.000" /><testcase classname="tests.test_hp_progression" name="test_medium_difficulty_target_is_70" time="0.000" /><testcase classname="tests.test_hp_progression" name="test_hard_difficulty_target_is_90" time="0.000" /><testcase classname="tests.test_hp_progression" name="test_unknown_difficulty_falls_back_to_medium" time="0.000" /><testcase classname="tests.test_hp_progression" name="test_completion_percentage_calculates_correctly" time="0.000" /><testcase classname="tests.test_hp_progression" name="test_completion_percentage_zero_tasks_returns_zero" time="0.000" /><testcase classname="tests.test_hp_progression" name="test_level_is_capped_at_100" time="0.000" /><testcase classname="tests.test_hp_progression" name="test_character_reveal_stage_every_10_levels" time="0.000" /><testcase classname="tests.test_hp_progression" name="test_meeting_daily_target_increases_streak_without_hp_loss" time="0.000" /><testcase classname="tests.test_hp_progression" name="test_missing_daily_target_reduces_hp_and_resets_streak" time="0.000" /><testcase classname="tests.test_hp_progression" name="test_hp_never_goes_below_zero" time="0.000" /><testcase classname="tests.test_hp_progression" name="test_difficulty_target_handles_case_and_spacing" time="0.000" /><testcase classname="tests.test_hp_progression" name="test_completion_percentage_clamps_completed_above_total" time="0.000" /><testcase classname="tests.test_hp_progression" name="test_completion_percentage_clamps_negative_completed_count" time="0.000" /><testcase classname="tests.test_hp_progression" name="test_completion_percentage_accepts_numeric_strings" time="0.000" /><testcase classname="tests.test_hp_progression" name="test_completion_percentage_rejects_non_numeric_input" time="0.000" /><testcase classname="tests.test_hp_progression" name="test_level_rejects_negative_xp" time="0.000" /><testcase classname="tests.test_hp_progression" name="test_level_handles_none_xp_as_level_one" time="0.000" /><testcase classname="tests.test_hp_progression" name="test_character_reveal_stage_clamps_level_above_cap" time="0.000" /><testcase classname="tests.test_hp_progression" name="test_character_reveal_stage_handles_none_as_stage_zero" time="0.001" /><testcase classname="tests.test_hp_progression" name="test_apply_daily_hp_result_rejects_missing_progress" time="0.000" /><testcase classname="tests.test_hp_progression" name="test_apply_daily_hp_result_clamps_completion_above_100" time="0.000" /><testcase classname="tests.test_hp_progression" name="test_apply_daily_hp_result_clamps_completion_below_zero" time="0.000" /><testcase classname="tests.test_hp_progression" name="test_apply_daily_hp_result_repairs_missing_hp_values" time="0.000" /><testcase classname="tests.test_hp_progression" name="test_apply_daily_hp_result_clamps_existing_hp_above_max_hp" time="0.000" /><testcase classname="tests.test_hp_progression" name="test_apply_daily_hp_result_repairs_invalid_max_hp" time="0.000" /><testcase classname="tests.test_models" name="test_user_password_hashing" time="0.288" /><testcase classname="tests.test_models" name="test_user_progress_relationship" time="0.107" /><testcase classname="tests.test_models" name="test_task_creation" time="0.104" /><testcase classname="tests.test_models" name="test_challenge_creation" time="0.109" /><testcase classname="tests.test_models" name="test_reflection_creation" time="0.116" /><testcase classname="tests.test_password_security" name="test_password_is_never_stored_as_plain_text" time="0.106" /><testcase classname="tests.test_password_security" name="test_password_hash_verifies_correct_password" time="0.191" /><testcase classname="tests.test_password_security" name="test_password_hash_rejects_wrong_password" time="0.203" /><testcase classname="tests.test_password_security" name="test_two_users_with_same_password_have_different_hashes" time="0.198" /><testcase classname="tests.test_reflection_mechanism" name="test_reflection_saves_valid_note" time="0.220" /><testcase classname="tests.test_reflection_mechanism" name="test_blank_reflection_note_is_allowed" time="0.230" /><testcase classname="tests.test_reflection_mechanism" name="test_multiple_reflections_can_be_saved" time="0.233" /><testcase classname="tests.test_reflection_mechanism" name="test_overlong_reflection_is_rejected" time="0.227" /><testcase classname="tests.test_routes" name="test_home_page_loads" time="0.018" /><testcase classname="tests.test_routes" name="test_signup_creates_user" time="0.219" /><testcase classname="tests.test_routes" name="test_login_with_valid_user" time="0.222" /><testcase classname="tests.test_routes" name="test_dashboard_requires_login" time="0.022" /><testcase classname="tests.test_routes" name="test_add_task_after_login" time="0.223" /><testcase classname="tests.test_security_and_privacy" name="test_duplicate_signup_is_blocked" time="0.138" /><testcase classname="tests.test_security_and_privacy" name="test_invalid_task_category_is_rejected" time="0.213" /><testcase classname="tests.test_security_and_privacy" name="test_user_cannot_complete_another_users_task" time="0.319" /><testcase classname="tests.test_security_and_privacy" name="test_private_users_do_not_appear_in_community" time="0.326" /><testcase classname="tests.test_security_and_privacy" name="test_logout_protects_dashboard" time="0.239" /><testcase classname="tests.test_selenium_user_flows" name="test_selenium_home_page_loads" time="5.185" /><testcase classname="tests.test_selenium_user_flows" name="test_selenium_signup_page_contains_expected_form_fields" time="3.722" /><testcase classname="tests.test_selenium_user_flows" name="test_selenium_login_page_contains_expected_form_fields" time="6.797" /><testcase classname="tests.test_selenium_user_flows" name="test_selenium_dashboard_is_protected_when_logged_out" time="3.720" /><testcase classname="tests.test_selenium_user_flows" name="test_selenium_user_can_signup_and_reach_dashboard" time="4.653" /><testcase classname="tests.test_selenium_user_flows" name="test_selenium_user_can_logout_after_signup" time="4.812" /><testcase classname="tests.test_selenium_user_flows" name="test_selenium_logged_in_user_can_access_community_and_settings" time="4.731" /><testcase classname="tests.test_selenium_user_flows" name="test_selenium_dashboard_can_add_task_if_form_present" time="5.880" /><testcase classname="tests.test_settings_privacy" name="test_settings_page_loads_for_logged_in_user" time="0.146"><failure message="assert b'Privacy Settings' in b'&lt;!DOCTYPE html&gt;\n&lt;html lang=&quot;en&quot;&gt;\n&lt;head&gt;\n  &lt;meta charset=&quot;UTF-8&quot; /&gt;\n  &lt;meta name=&quot;viewport&quot; content=&quot;width=device...rd.\n            &lt;/p&gt;\n          &lt;/article&gt;\n        &lt;/div&gt;\n      &lt;/section&gt;\n    &lt;/main&gt;\n  &lt;/div&gt;\n&lt;/body&gt;\n&lt;/html&gt;'&#10; +  where b'&lt;!DOCTYPE html&gt;\n&lt;html lang=&quot;en&quot;&gt;\n&lt;head&gt;\n  &lt;meta charset=&quot;UTF-8&quot; /&gt;\n  &lt;meta name=&quot;viewport&quot; content=&quot;width=device...rd.\n            &lt;/p&gt;\n          &lt;/article&gt;\n        &lt;/div&gt;\n      &lt;/section&gt;\n    &lt;/main&gt;\n  &lt;/div&gt;\n&lt;/body&gt;\n&lt;/html&gt;' = &lt;WrapperTestResponse 6574 bytes [200 OK]&gt;.data">client = &lt;FlaskClient &lt;Flask 'app'&gt;&gt;

    def test_settings_page_loads_for_logged_in_user(client):
        response = signup_user(client, "settingsuser", "settingsuser@example.com")
    
        assert response.status_code == 200
    
        response = client.get("/settings")
    
        assert response.status_code == 200
        assert b"Settings" in response.data
&gt;       assert b"Privacy Settings" in response.data
E       assert b'Privacy Settings' in b'&lt;!DOCTYPE html&gt;\n&lt;html lang="en"&gt;\n&lt;head&gt;\n  &lt;meta charset="UTF-8" /&gt;\n  &lt;meta name="viewport" content="width=device...rd.\n            &lt;/p&gt;\n          &lt;/article&gt;\n        &lt;/div&gt;\n      &lt;/section&gt;\n    &lt;/main&gt;\n  &lt;/div&gt;\n&lt;/body&gt;\n&lt;/html&gt;'
E        +  where b'&lt;!DOCTYPE html&gt;\n&lt;html lang="en"&gt;\n&lt;head&gt;\n  &lt;meta charset="UTF-8" /&gt;\n  &lt;meta name="viewport" content="width=device...rd.\n            &lt;/p&gt;\n          &lt;/article&gt;\n        &lt;/div&gt;\n      &lt;/section&gt;\n    &lt;/main&gt;\n  &lt;/div&gt;\n&lt;/body&gt;\n&lt;/html&gt;' = &lt;WrapperTestResponse 6574 bytes [200 OK]&gt;.data

tests\test_settings_privacy.py:26: AssertionError</failure></testcase><testcase classname="tests.test_settings_privacy" name="test_settings_page_is_protected_for_logged_out_user" time="0.013" /><testcase classname="tests.test_settings_privacy" name="test_user_can_make_profile_private_from_settings" time="0.149" /><testcase classname="tests.test_settings_privacy" name="test_user_can_make_profile_public_from_settings" time="0.146" /><testcase classname="tests.test_settings_privacy" name="test_settings_accepts_checkbox_style_public_value" time="0.149" /><testcase classname="tests.test_settings_privacy" name="test_private_user_hidden_from_community_after_settings_update" time="0.154" /><testcase classname="tests.test_task_progress" name="test_complete_task_updates_xp_and_stat" time="0.650" /></testsuite></testsuites>